d:\complier\test4\ct4\ct4\debug\vc140.pdb
d:\complier\test4\ct4\ct4\debug\vc140.idb
d:\complier\test4\ct4\ct4\debug\ast.obj
d:\complier\test4\ct4\ct4\debug\ircreator.obj
d:\complier\test4\ct4\ct4\debug\irc_decl.obj
d:\complier\test4\ct4\ct4\debug\lex.obj
d:\complier\test4\ct4\ct4\debug\main.obj
d:\complier\test4\ct4\ct4\debug\parse.obj
d:\complier\test4\ct4\ct4\debug\parse_recursion.obj
d:\complier\test4\ct4\ct4\debug\scopeexpect.obj
d:\complier\test4\ct4\ct4\debug\ss.obj
d:\complier\test4\ct4\ct4\debug\symboltable.obj
d:\complier\test4\ct4\ct4\debug\irc_exp.obj
d:\complier\test4\ct4\ct4\debug\alcreator.obj
d:\complier\test4\ct4\ct4\debug\frontendinterface.obj
d:\complier\test4\ct4\debug\ct4.ilk
d:\complier\test4\ct4\debug\ct4.exe
d:\complier\test4\ct4\debug\ct4.pdb
d:\complier\test4\ct4\ct4\debug\ct4.tlog\cl.command.1.tlog
d:\complier\test4\ct4\ct4\debug\ct4.tlog\cl.read.1.tlog
d:\complier\test4\ct4\ct4\debug\ct4.tlog\cl.write.1.tlog
d:\complier\test4\ct4\ct4\debug\ct4.tlog\link.command.1.tlog
d:\complier\test4\ct4\ct4\debug\ct4.tlog\link.read.1.tlog
d:\complier\test4\ct4\ct4\debug\ct4.tlog\link.write.1.tlog
